time=2026-01-14T14:31:10.333+01:00 level=INFO msg="=== RUN   TestRun"
time=2026-01-14T14:31:10.333+01:00 level=INFO msg="=== RUN   TestRun/Success_with_valid_config"
time=2026-01-14T14:31:10.333+01:00 level=INFO msg="--- PASS: TestRun (0.02s)"
time=2026-01-14T14:31:10.333+01:00 level=INFO msg="    --- PASS: TestRun/Success_with_valid_config (0.02s)"
time=2026-01-14T14:31:10.333+01:00 level=INFO msg="=== RUN   TestRun_StoreInitError"
time=2026-01-14T14:31:10.334+01:00 level=INFO msg="time=2026-01-14T13:31:09.320Z level=ERROR msg=\"operation failed\" error.msg=\"failed to create .same directory\" error.cause=\"mkdir .same: not a directory\""
time=2026-01-14T14:31:10.334+01:00 level=INFO msg="--- PASS: TestRun_StoreInitError (0.00s)"
time=2026-01-14T14:31:10.334+01:00 level=INFO msg=PASS
time=2026-01-14T14:31:10.334+01:00 level=INFO msg="ok  \tgo.trai.ch/same/cmd/same\t1.392s"
time=2026-01-14T14:31:10.633+01:00 level=INFO msg="=== RUN   TestRun_Success"
time=2026-01-14T14:31:10.634+01:00 level=INFO msg="--- PASS: TestRun_Success (0.00s)"
time=2026-01-14T14:31:10.634+01:00 level=INFO msg="=== RUN   TestRun_NoTargets"
time=2026-01-14T14:31:10.634+01:00 level=INFO msg="Run specified tasks"
time=2026-01-14T14:31:10.634+01:00 level=INFO msg=""
time=2026-01-14T14:31:10.634+01:00 level=INFO msg=Usage:
time=2026-01-14T14:31:10.634+01:00 level=INFO msg="  same run [targets...] [flags]"
time=2026-01-14T14:31:10.634+01:00 level=INFO msg=""
time=2026-01-14T14:31:10.634+01:00 level=INFO msg=Flags:
time=2026-01-14T14:31:10.634+01:00 level=INFO msg="  -h, --help   help for run"
time=2026-01-14T14:31:10.634+01:00 level=INFO msg=""
time=2026-01-14T14:31:10.634+01:00 level=INFO msg="Global Flags:"
time=2026-01-14T14:31:10.634+01:00 level=INFO msg="  -f, --force     Force rebuild, bypassing cache"
time=2026-01-14T14:31:10.634+01:00 level=INFO msg="  -i, --inspect   Inspect the TUI after build completion (prevents auto-exit)"
time=2026-01-14T14:31:10.634+01:00 level=INFO msg="--- PASS: TestRun_NoTargets (0.00s)"
time=2026-01-14T14:31:10.634+01:00 level=INFO msg="=== RUN   TestRoot_Help"
time=2026-01-14T14:31:10.634+01:00 level=INFO msg="A modern build tool for monorepos"
time=2026-01-14T14:31:10.634+01:00 level=INFO msg=""
time=2026-01-14T14:31:10.634+01:00 level=INFO msg=Usage:
time=2026-01-14T14:31:10.634+01:00 level=INFO msg="  same [command]"
time=2026-01-14T14:31:10.634+01:00 level=INFO msg=""
time=2026-01-14T14:31:10.634+01:00 level=INFO msg="Available Commands:"
time=2026-01-14T14:31:10.634+01:00 level=INFO msg="  completion  Generate the autocompletion script for the specified shell"
time=2026-01-14T14:31:10.634+01:00 level=INFO msg="  help        Help about any command"
time=2026-01-14T14:31:10.634+01:00 level=INFO msg="  run         Run specified tasks"
time=2026-01-14T14:31:10.634+01:00 level=INFO msg="  version     Print the application version"
time=2026-01-14T14:31:10.634+01:00 level=INFO msg=""
time=2026-01-14T14:31:10.634+01:00 level=INFO msg=Flags:
time=2026-01-14T14:31:10.634+01:00 level=INFO msg="  -f, --force     Force rebuild, bypassing cache"
time=2026-01-14T14:31:10.634+01:00 level=INFO msg="  -h, --help      help for same"
time=2026-01-14T14:31:10.634+01:00 level=INFO msg="  -i, --inspect   Inspect the TUI after build completion (prevents auto-exit)"
time=2026-01-14T14:31:10.634+01:00 level=INFO msg=""
time=2026-01-14T14:31:10.634+01:00 level=INFO msg="Use \"same [command] --help\" for more information about a command."
time=2026-01-14T14:31:10.634+01:00 level=INFO msg="--- PASS: TestRoot_Help (0.00s)"
time=2026-01-14T14:31:10.634+01:00 level=INFO msg=PASS
time=2026-01-14T14:31:10.634+01:00 level=INFO msg="ok  \tgo.trai.ch/same/cmd/same/commands\t1.700s"
time=2026-01-14T14:31:11.568+01:00 level=INFO msg="=== RUN   TestNewStore"
time=2026-01-14T14:31:11.568+01:00 level=INFO msg="--- PASS: TestNewStore (0.00s)"
time=2026-01-14T14:31:11.568+01:00 level=INFO msg="=== RUN   TestStore_PutAndGet"
time=2026-01-14T14:31:11.568+01:00 level=INFO msg="--- PASS: TestStore_PutAndGet (0.00s)"
time=2026-01-14T14:31:11.568+01:00 level=INFO msg="=== RUN   TestStore_Persistence"
time=2026-01-14T14:31:11.568+01:00 level=INFO msg="--- PASS: TestStore_Persistence (0.00s)"
time=2026-01-14T14:31:11.568+01:00 level=INFO msg="=== RUN   TestStore_OmitZero"
time=2026-01-14T14:31:11.568+01:00 level=INFO msg="    store_test.go:151: JSON content: {"
time=2026-01-14T14:31:11.568+01:00 level=INFO msg="          \"task_name\": \"task_zero\""
time=2026-01-14T14:31:11.568+01:00 level=INFO msg="        }"
time=2026-01-14T14:31:11.568+01:00 level=INFO msg="--- PASS: TestStore_OmitZero (0.00s)"
time=2026-01-14T14:31:11.568+01:00 level=INFO msg="=== RUN   TestNewStore_Error"
time=2026-01-14T14:31:11.568+01:00 level=INFO msg="--- PASS: TestNewStore_Error (0.00s)"
time=2026-01-14T14:31:11.568+01:00 level=INFO msg="=== RUN   TestGet_ReadError"
time=2026-01-14T14:31:11.568+01:00 level=INFO msg="--- PASS: TestGet_ReadError (0.00s)"
time=2026-01-14T14:31:11.568+01:00 level=INFO msg="=== RUN   TestGet_UnmarshalError"
time=2026-01-14T14:31:11.568+01:00 level=INFO msg="--- PASS: TestGet_UnmarshalError (0.00s)"
time=2026-01-14T14:31:11.568+01:00 level=INFO msg="=== RUN   TestPut_WriteError"
time=2026-01-14T14:31:11.568+01:00 level=INFO msg="--- PASS: TestPut_WriteError (0.00s)"
time=2026-01-14T14:31:11.568+01:00 level=INFO msg=PASS
time=2026-01-14T14:31:11.568+01:00 level=INFO msg="ok  \tgo.trai.ch/same/internal/adapters/cas\t2.629s"
time=2026-01-14T14:31:12.003+01:00 level=INFO msg="=== RUN   TestLoad_Canonicalization"
time=2026-01-14T14:31:12.004+01:00 level=INFO msg="--- PASS: TestLoad_Canonicalization (0.00s)"
time=2026-01-14T14:31:12.004+01:00 level=INFO msg="=== RUN   TestNewLoader"
time=2026-01-14T14:31:12.004+01:00 level=INFO msg="--- PASS: TestNewLoader (0.00s)"
time=2026-01-14T14:31:12.004+01:00 level=INFO msg="=== RUN   TestLoad_Success"
time=2026-01-14T14:31:12.004+01:00 level=INFO msg="--- PASS: TestLoad_Success (0.00s)"
time=2026-01-14T14:31:12.004+01:00 level=INFO msg="=== RUN   TestLoad_MissingDependency"
time=2026-01-14T14:31:12.004+01:00 level=INFO msg="--- PASS: TestLoad_MissingDependency (0.00s)"
time=2026-01-14T14:31:12.004+01:00 level=INFO msg="=== RUN   TestLoad_ReservedTaskName"
time=2026-01-14T14:31:12.004+01:00 level=INFO msg="--- PASS: TestLoad_ReservedTaskName (0.00s)"
time=2026-01-14T14:31:12.004+01:00 level=INFO msg="=== RUN   TestLoad_InvalidTaskName"
time=2026-01-14T14:31:12.004+01:00 level=INFO msg="--- PASS: TestLoad_InvalidTaskName (0.00s)"
time=2026-01-14T14:31:12.004+01:00 level=INFO msg="=== RUN   TestLoad_Errors"
time=2026-01-14T14:31:12.004+01:00 level=INFO msg="=== RUN   TestLoad_Errors/File_Not_Found"
time=2026-01-14T14:31:12.004+01:00 level=INFO msg="=== RUN   TestLoad_Errors/Invalid_YAML"
time=2026-01-14T14:31:12.004+01:00 level=INFO msg="--- PASS: TestLoad_Errors (0.00s)"
time=2026-01-14T14:31:12.004+01:00 level=INFO msg="    --- PASS: TestLoad_Errors/File_Not_Found (0.00s)"
time=2026-01-14T14:31:12.004+01:00 level=INFO msg="    --- PASS: TestLoad_Errors/Invalid_YAML (0.00s)"
time=2026-01-14T14:31:12.004+01:00 level=INFO msg="=== RUN   TestLoad_WithEnvironment"
time=2026-01-14T14:31:12.004+01:00 level=INFO msg="--- PASS: TestLoad_WithEnvironment (0.00s)"
time=2026-01-14T14:31:12.004+01:00 level=INFO msg="=== RUN   TestLoad_WithRoot"
time=2026-01-14T14:31:12.004+01:00 level=INFO msg="=== RUN   TestLoad_WithRoot/Explicit_Root"
time=2026-01-14T14:31:12.004+01:00 level=INFO msg="=== RUN   TestLoad_WithRoot/Implicit_Root"
time=2026-01-14T14:31:12.004+01:00 level=INFO msg="=== RUN   TestLoad_WithRoot/Absolute_Root"
time=2026-01-14T14:31:12.004+01:00 level=INFO msg="--- PASS: TestLoad_WithRoot (0.01s)"
time=2026-01-14T14:31:12.004+01:00 level=INFO msg="    --- PASS: TestLoad_WithRoot/Explicit_Root (0.00s)"
time=2026-01-14T14:31:12.004+01:00 level=INFO msg="    --- PASS: TestLoad_WithRoot/Implicit_Root (0.00s)"
time=2026-01-14T14:31:12.004+01:00 level=INFO msg="    --- PASS: TestLoad_WithRoot/Absolute_Root (0.00s)"
time=2026-01-14T14:31:12.004+01:00 level=INFO msg="=== RUN   TestFileConfigLoader_Load"
time=2026-01-14T14:31:12.004+01:00 level=INFO msg="--- PASS: TestFileConfigLoader_Load (0.00s)"
time=2026-01-14T14:31:12.004+01:00 level=INFO msg="=== RUN   TestLoad_WithWorkingDir"
time=2026-01-14T14:31:12.004+01:00 level=INFO msg="--- PASS: TestLoad_WithWorkingDir (0.00s)"
time=2026-01-14T14:31:12.004+01:00 level=INFO msg="=== RUN   TestLoad_ProjectFieldWarningInStandaloneMode"
time=2026-01-14T14:31:12.004+01:00 level=INFO msg="--- PASS: TestLoad_ProjectFieldWarningInStandaloneMode (0.00s)"
time=2026-01-14T14:31:12.004+01:00 level=INFO msg="=== RUN   TestLoad_WithTools"
time=2026-01-14T14:31:12.004+01:00 level=INFO msg="--- PASS: TestLoad_WithTools (0.00s)"
time=2026-01-14T14:31:12.004+01:00 level=INFO msg="=== RUN   TestLoad_MissingTool"
time=2026-01-14T14:31:12.004+01:00 level=INFO msg="--- PASS: TestLoad_MissingTool (0.00s)"
time=2026-01-14T14:31:12.004+01:00 level=INFO msg="=== RUN   TestLoad_DuplicateProjectName"
time=2026-01-14T14:31:12.004+01:00 level=INFO msg="--- PASS: TestLoad_DuplicateProjectName (0.01s)"
time=2026-01-14T14:31:12.004+01:00 level=INFO msg="=== RUN   TestLoad_Workspace_NamespaceDependencies"
time=2026-01-14T14:31:12.004+01:00 level=INFO msg="--- PASS: TestLoad_Workspace_NamespaceDependencies (0.01s)"
time=2026-01-14T14:31:12.004+01:00 level=INFO msg="=== RUN   TestLoad_Workspace_InvalidProjectName"
time=2026-01-14T14:31:12.004+01:00 level=INFO msg="=== RUN   TestLoad_Workspace_InvalidProjectName/Valid_project_name"
time=2026-01-14T14:31:12.004+01:00 level=INFO msg="=== RUN   TestLoad_Workspace_InvalidProjectName/Invalid_project_name_with_space"
time=2026-01-14T14:31:12.004+01:00 level=INFO msg="=== RUN   TestLoad_Workspace_InvalidProjectName/Invalid_project_name_with_special_char"
time=2026-01-14T14:31:12.004+01:00 level=INFO msg="=== RUN   TestLoad_Workspace_InvalidProjectName/Invalid_project_name_with_dot"
time=2026-01-14T14:31:12.004+01:00 level=INFO msg="--- PASS: TestLoad_Workspace_InvalidProjectName (0.02s)"
time=2026-01-14T14:31:12.004+01:00 level=INFO msg="    --- PASS: TestLoad_Workspace_InvalidProjectName/Valid_project_name (0.00s)"
time=2026-01-14T14:31:12.004+01:00 level=INFO msg="    --- PASS: TestLoad_Workspace_InvalidProjectName/Invalid_project_name_with_space (0.00s)"
time=2026-01-14T14:31:12.004+01:00 level=INFO msg="    --- PASS: TestLoad_Workspace_InvalidProjectName/Invalid_project_name_with_special_char (0.01s)"
time=2026-01-14T14:31:12.004+01:00 level=INFO msg="    --- PASS: TestLoad_Workspace_InvalidProjectName/Invalid_project_name_with_dot (0.01s)"
time=2026-01-14T14:31:12.004+01:00 level=INFO msg="=== RUN   TestLoad_Workspace_MissingProjectName"
time=2026-01-14T14:31:12.004+01:00 level=INFO msg="--- PASS: TestLoad_Workspace_MissingProjectName (0.00s)"
time=2026-01-14T14:31:12.004+01:00 level=INFO msg="=== RUN   TestLoad_Workspace_SamefileReadError"
time=2026-01-14T14:31:12.004+01:00 level=INFO msg="--- PASS: TestLoad_Workspace_SamefileReadError (0.00s)"
time=2026-01-14T14:31:12.004+01:00 level=INFO msg="=== RUN   TestLoad_Workspace_SamefileParseError"
time=2026-01-14T14:31:12.004+01:00 level=INFO msg="--- PASS: TestLoad_Workspace_SamefileParseError (0.00s)"
time=2026-01-14T14:31:12.004+01:00 level=INFO msg="=== RUN   TestLoad_Workspace_RootWarning"
time=2026-01-14T14:31:12.004+01:00 level=INFO msg="--- PASS: TestLoad_Workspace_RootWarning (0.01s)"
time=2026-01-14T14:31:12.004+01:00 level=INFO msg="=== RUN   TestLoad_Workspace_MissingSamefileWarning"
time=2026-01-14T14:31:12.004+01:00 level=INFO msg="--- PASS: TestLoad_Workspace_MissingSamefileWarning (0.00s)"
time=2026-01-14T14:31:12.004+01:00 level=INFO msg="=== RUN   TestLoad_Workspace_ToolsInheritance"
time=2026-01-14T14:31:12.004+01:00 level=INFO msg="--- PASS: TestLoad_Workspace_ToolsInheritance (0.01s)"
time=2026-01-14T14:31:12.004+01:00 level=INFO msg="=== RUN   TestLoad_Workspace_ToolsOverride"
time=2026-01-14T14:31:12.004+01:00 level=INFO msg="--- PASS: TestLoad_Workspace_ToolsOverride (0.01s)"
time=2026-01-14T14:31:12.004+01:00 level=INFO msg="=== RUN   TestLoad_Workspace_ToolsMerge"
time=2026-01-14T14:31:12.004+01:00 level=INFO msg="--- PASS: TestLoad_Workspace_ToolsMerge (0.01s)"
time=2026-01-14T14:31:12.004+01:00 level=INFO msg="=== RUN   TestLoad_Workspace_MissingTool"
time=2026-01-14T14:31:12.004+01:00 level=INFO msg="--- PASS: TestLoad_Workspace_MissingTool (0.01s)"
time=2026-01-14T14:31:12.004+01:00 level=INFO msg=PASS
time=2026-01-14T14:31:12.004+01:00 level=INFO msg="ok  \tgo.trai.ch/same/internal/adapters/config\t3.056s"
time=2026-01-14T14:31:13.096+01:00 level=INFO msg="=== RUN   TestHasher_ComputeInputHash_Glob"
time=2026-01-14T14:31:13.096+01:00 level=INFO msg="--- PASS: TestHasher_ComputeInputHash_Glob (0.01s)"
time=2026-01-14T14:31:13.096+01:00 level=INFO msg="=== RUN   TestHasher_ComputeInputHash_MissingFile"
time=2026-01-14T14:31:13.096+01:00 level=INFO msg="--- PASS: TestHasher_ComputeInputHash_MissingFile (0.00s)"
time=2026-01-14T14:31:13.096+01:00 level=INFO msg="=== RUN   TestHasher_ComputeInputHash_WithEnvironment"
time=2026-01-14T14:31:13.096+01:00 level=INFO msg="--- PASS: TestHasher_ComputeInputHash_WithEnvironment (0.00s)"
time=2026-01-14T14:31:13.096+01:00 level=INFO msg="=== RUN   TestHasher_ComputeInputHash_WithDependencies"
time=2026-01-14T14:31:13.096+01:00 level=INFO msg="--- PASS: TestHasher_ComputeInputHash_WithDependencies (0.00s)"
time=2026-01-14T14:31:13.096+01:00 level=INFO msg="=== RUN   TestHasher_ComputeInputHash_WithDirectoryInput"
time=2026-01-14T14:31:13.096+01:00 level=INFO msg="--- PASS: TestHasher_ComputeInputHash_WithDirectoryInput (0.01s)"
time=2026-01-14T14:31:13.096+01:00 level=INFO msg="=== RUN   TestHasher_ComputeInputHash_WithOutputs"
time=2026-01-14T14:31:13.096+01:00 level=INFO msg="--- PASS: TestHasher_ComputeInputHash_WithOutputs (0.00s)"
time=2026-01-14T14:31:13.096+01:00 level=INFO msg="=== RUN   TestHasher_ComputeInputHash_CommandChanges"
time=2026-01-14T14:31:13.096+01:00 level=INFO msg="--- PASS: TestHasher_ComputeInputHash_CommandChanges (0.00s)"
time=2026-01-14T14:31:13.096+01:00 level=INFO msg="=== RUN   TestHasher_ComputeOutputHash"
time=2026-01-14T14:31:13.096+01:00 level=INFO msg="--- PASS: TestHasher_ComputeOutputHash (0.01s)"
time=2026-01-14T14:31:13.096+01:00 level=INFO msg="=== RUN   TestHasher_ComputeInputHash_StatError"
time=2026-01-14T14:31:13.096+01:00 level=INFO msg="--- PASS: TestHasher_ComputeInputHash_StatError (0.00s)"
time=2026-01-14T14:31:13.096+01:00 level=INFO msg="=== RUN   TestHasher_ComputeOutputHash_Directory"
time=2026-01-14T14:31:13.096+01:00 level=INFO msg="--- PASS: TestHasher_ComputeOutputHash_Directory (0.13s)"
time=2026-01-14T14:31:13.096+01:00 level=INFO msg="=== RUN   TestHasher_ComputeInputHash_ToolsChanges"
time=2026-01-14T14:31:13.096+01:00 level=INFO msg="--- PASS: TestHasher_ComputeInputHash_ToolsChanges (0.00s)"
time=2026-01-14T14:31:13.096+01:00 level=INFO msg="=== RUN   TestResolver_ResolveInputs_Success"
time=2026-01-14T14:31:13.096+01:00 level=INFO msg="--- PASS: TestResolver_ResolveInputs_Success (0.00s)"
time=2026-01-14T14:31:13.096+01:00 level=INFO msg="=== RUN   TestResolver_ResolveInputs_GlobError"
time=2026-01-14T14:31:13.096+01:00 level=INFO msg="--- PASS: TestResolver_ResolveInputs_GlobError (0.00s)"
time=2026-01-14T14:31:13.096+01:00 level=INFO msg="=== RUN   TestResolver_ResolveInputs_NoMatches"
time=2026-01-14T14:31:13.096+01:00 level=INFO msg="--- PASS: TestResolver_ResolveInputs_NoMatches (0.00s)"
time=2026-01-14T14:31:13.096+01:00 level=INFO msg="=== RUN   TestResolver_ResolveInputs_MultiplePatterns"
time=2026-01-14T14:31:13.096+01:00 level=INFO msg="--- PASS: TestResolver_ResolveInputs_MultiplePatterns (0.00s)"
time=2026-01-14T14:31:13.096+01:00 level=INFO msg="=== RUN   TestResolver_ResolveInputs_Deduplication"
time=2026-01-14T14:31:13.096+01:00 level=INFO msg="--- PASS: TestResolver_ResolveInputs_Deduplication (0.00s)"
time=2026-01-14T14:31:13.096+01:00 level=INFO msg="=== RUN   TestResolver_ResolveInputs_Sorting"
time=2026-01-14T14:31:13.096+01:00 level=INFO msg="--- PASS: TestResolver_ResolveInputs_Sorting (0.00s)"
time=2026-01-14T14:31:13.096+01:00 level=INFO msg="=== RUN   TestWalker_WalkFiles"
time=2026-01-14T14:31:13.096+01:00 level=INFO msg="--- PASS: TestWalker_WalkFiles (0.00s)"
time=2026-01-14T14:31:13.096+01:00 level=INFO msg="=== RUN   TestWalker_WalkFiles_SkipsGitAndJJ"
time=2026-01-14T14:31:13.096+01:00 level=INFO msg="--- PASS: TestWalker_WalkFiles_SkipsGitAndJJ (0.01s)"
time=2026-01-14T14:31:13.096+01:00 level=INFO msg="=== RUN   TestWalker_WalkFiles_WithIgnores"
time=2026-01-14T14:31:13.096+01:00 level=INFO msg="--- PASS: TestWalker_WalkFiles_WithIgnores (0.01s)"
time=2026-01-14T14:31:13.096+01:00 level=INFO msg="=== RUN   TestWalker_WalkFiles_EmptyDirectory"
time=2026-01-14T14:31:13.096+01:00 level=INFO msg="--- PASS: TestWalker_WalkFiles_EmptyDirectory (0.01s)"
time=2026-01-14T14:31:13.096+01:00 level=INFO msg=PASS
time=2026-01-14T14:31:13.096+01:00 level=INFO msg="ok  \tgo.trai.ch/same/internal/adapters/fs\t4.151s"
time=2026-01-14T14:31:13.096+01:00 level=INFO msg="=== RUN   TestLogger_Info"
time=2026-01-14T14:31:13.096+01:00 level=INFO msg="--- PASS: TestLogger_Info (0.00s)"
time=2026-01-14T14:31:13.096+01:00 level=INFO msg="=== RUN   TestLogger_Error"
time=2026-01-14T14:31:13.096+01:00 level=INFO msg="--- PASS: TestLogger_Error (0.00s)"
time=2026-01-14T14:31:13.096+01:00 level=INFO msg="=== RUN   TestLogger_Warn"
time=2026-01-14T14:31:13.096+01:00 level=INFO msg="--- PASS: TestLogger_Warn (0.00s)"
time=2026-01-14T14:31:13.096+01:00 level=INFO msg="=== RUN   TestNew"
time=2026-01-14T14:31:13.096+01:00 level=INFO msg="--- PASS: TestNew (0.00s)"
time=2026-01-14T14:31:13.096+01:00 level=INFO msg=PASS
time=2026-01-14T14:31:13.096+01:00 level=INFO msg="ok  \tgo.trai.ch/same/internal/adapters/logger\t3.201s"
time=2026-01-14T14:31:13.430+01:00 level=INFO msg="=== RUN   TestNewResolver"
time=2026-01-14T14:31:13.430+01:00 level=INFO msg="--- PASS: TestNewResolver (0.00s)"
time=2026-01-14T14:31:13.430+01:00 level=INFO msg="=== RUN   TestGetHash"
time=2026-01-14T14:31:13.430+01:00 level=INFO msg="=== RUN   TestGetHash/deterministic_hash"
time=2026-01-14T14:31:13.430+01:00 level=INFO msg="=== RUN   TestGetHash/different_version_produces_different_hash"
time=2026-01-14T14:31:13.430+01:00 level=INFO msg="=== RUN   TestGetHash/different_tool_produces_different_hash"
time=2026-01-14T14:31:13.430+01:00 level=INFO msg="--- PASS: TestGetHash (0.00s)"
time=2026-01-14T14:31:13.430+01:00 level=INFO msg="    --- PASS: TestGetHash/deterministic_hash (0.00s)"
time=2026-01-14T14:31:13.430+01:00 level=INFO msg="    --- PASS: TestGetHash/different_version_produces_different_hash (0.00s)"
time=2026-01-14T14:31:13.430+01:00 level=INFO msg="    --- PASS: TestGetHash/different_tool_produces_different_hash (0.00s)"
time=2026-01-14T14:31:13.430+01:00 level=INFO msg="=== RUN   TestResolve_FromCache"
time=2026-01-14T14:31:13.430+01:00 level=INFO msg="--- PASS: TestResolve_FromCache (0.01s)"
time=2026-01-14T14:31:13.430+01:00 level=INFO msg="=== RUN   TestResolve_CacheMiss_Success"
time=2026-01-14T14:31:13.430+01:00 level=INFO msg="--- PASS: TestResolve_CacheMiss_Success (0.01s)"
time=2026-01-14T14:31:13.430+01:00 level=INFO msg="=== RUN   TestResolve_PackageNotFound"
time=2026-01-14T14:31:13.430+01:00 level=INFO msg="--- PASS: TestResolve_PackageNotFound (0.00s)"
time=2026-01-14T14:31:13.430+01:00 level=INFO msg="=== RUN   TestResolve_InvalidCacheData"
time=2026-01-14T14:31:13.430+01:00 level=INFO msg="--- PASS: TestResolve_InvalidCacheData (0.00s)"
time=2026-01-14T14:31:13.430+01:00 level=INFO msg="=== RUN   TestLoadFromCache_NotFound"
time=2026-01-14T14:31:13.430+01:00 level=INFO msg="--- PASS: TestLoadFromCache_NotFound (0.00s)"
time=2026-01-14T14:31:13.430+01:00 level=INFO msg="=== RUN   TestSaveToCache"
time=2026-01-14T14:31:13.430+01:00 level=INFO msg="--- PASS: TestSaveToCache (0.00s)"
time=2026-01-14T14:31:13.430+01:00 level=INFO msg="=== RUN   TestNewResolver_MkdirAllError"
time=2026-01-14T14:31:13.430+01:00 level=INFO msg="--- PASS: TestNewResolver_MkdirAllError (0.00s)"
time=2026-01-14T14:31:13.430+01:00 level=INFO msg="=== RUN   TestQueryNixHub_NonOKStatusCode"
time=2026-01-14T14:31:13.430+01:00 level=INFO msg="--- PASS: TestQueryNixHub_NonOKStatusCode (0.00s)"
time=2026-01-14T14:31:13.430+01:00 level=INFO msg="=== RUN   TestQueryNixHub_EmptySystems"
time=2026-01-14T14:31:13.430+01:00 level=INFO msg="--- PASS: TestQueryNixHub_EmptySystems (0.00s)"
time=2026-01-14T14:31:13.430+01:00 level=INFO msg="=== RUN   TestResolve_UnsupportedSystem"
time=2026-01-14T14:31:13.430+01:00 level=INFO msg="--- PASS: TestResolve_UnsupportedSystem (0.00s)"
time=2026-01-14T14:31:13.430+01:00 level=INFO msg="=== RUN   TestLoadFromCache_ReadError"
time=2026-01-14T14:31:13.430+01:00 level=INFO msg="--- PASS: TestLoadFromCache_ReadError (0.00s)"
time=2026-01-14T14:31:13.430+01:00 level=INFO msg="=== RUN   TestLoadFromCache_SystemNotInCache"
time=2026-01-14T14:31:13.430+01:00 level=INFO msg="--- PASS: TestLoadFromCache_SystemNotInCache (0.00s)"
time=2026-01-14T14:31:13.430+01:00 level=INFO msg="=== RUN   TestQueryNixHub_InvalidJSON"
time=2026-01-14T14:31:13.430+01:00 level=INFO msg="--- PASS: TestQueryNixHub_InvalidJSON (0.00s)"
time=2026-01-14T14:31:13.430+01:00 level=INFO msg="=== RUN   TestGetCurrentSystem"
time=2026-01-14T14:31:13.430+01:00 level=INFO msg="--- PASS: TestGetCurrentSystem (0.00s)"
time=2026-01-14T14:31:13.430+01:00 level=INFO msg="=== RUN   TestQueryNixHub_ContextCancelled"
time=2026-01-14T14:31:13.430+01:00 level=INFO msg="--- PASS: TestQueryNixHub_ContextCancelled (0.00s)"
time=2026-01-14T14:31:13.430+01:00 level=INFO msg="=== RUN   TestResolve_SaveCacheFailure"
time=2026-01-14T14:31:13.430+01:00 level=INFO msg="--- PASS: TestResolve_SaveCacheFailure (0.00s)"
time=2026-01-14T14:31:13.430+01:00 level=INFO msg="=== RUN   TestResolver_AtomicWriteFile_Errors"
time=2026-01-14T14:31:13.430+01:00 level=INFO msg="--- PASS: TestResolver_AtomicWriteFile_Errors (0.00s)"
time=2026-01-14T14:31:13.430+01:00 level=INFO msg="=== RUN   TestQueryNixHub_BodyReadError"
time=2026-01-14T14:31:13.430+01:00 level=INFO msg="--- PASS: TestQueryNixHub_BodyReadError (0.00s)"
time=2026-01-14T14:31:13.430+01:00 level=INFO msg="=== RUN   TestGenerateNixExpr_Deterministic"
time=2026-01-14T14:31:13.430+01:00 level=INFO msg="--- PASS: TestGenerateNixExpr_Deterministic (0.00s)"
time=2026-01-14T14:31:13.430+01:00 level=INFO msg="=== RUN   TestNewEnvFactory_DefaultCache"
time=2026-01-14T14:31:13.430+01:00 level=INFO msg="--- PASS: TestNewEnvFactory_DefaultCache (0.00s)"
time=2026-01-14T14:31:13.430+01:00 level=INFO msg="=== RUN   TestNewEnvFactory"
time=2026-01-14T14:31:13.430+01:00 level=INFO msg="--- PASS: TestNewEnvFactory (0.00s)"
time=2026-01-14T14:31:13.430+01:00 level=INFO msg="=== RUN   TestGetEnvironment_Success"
time=2026-01-14T14:31:13.430+01:00 level=INFO msg="=== RUN   TestGetEnvironment_Success/Includes_PATH"
time=2026-01-14T14:31:13.430+01:00 level=INFO msg="=== RUN   TestGetEnvironment_Success/Overrides_TMPDIR"
time=2026-01-14T14:31:13.430+01:00 level=INFO msg="--- PASS: TestGetEnvironment_Success (0.57s)"
time=2026-01-14T14:31:13.430+01:00 level=INFO msg="    --- PASS: TestGetEnvironment_Success/Includes_PATH (0.00s)"
time=2026-01-14T14:31:13.430+01:00 level=INFO msg="    --- PASS: TestGetEnvironment_Success/Overrides_TMPDIR (0.00s)"
time=2026-01-14T14:31:13.430+01:00 level=INFO msg="=== RUN   TestGetEnvironment_InvalidSpec"
time=2026-01-14T14:31:13.430+01:00 level=INFO msg="--- PASS: TestGetEnvironment_InvalidSpec (0.00s)"
time=2026-01-14T14:31:13.430+01:00 level=INFO msg="=== RUN   TestGetEnvironment_AliasMismatch"
time=2026-01-14T14:31:13.430+01:00 level=INFO msg="--- PASS: TestGetEnvironment_AliasMismatch (0.55s)"
time=2026-01-14T14:31:13.430+01:00 level=INFO msg="=== RUN   TestGetEnvironment_ResolverError"
time=2026-01-14T14:31:13.430+01:00 level=INFO msg="--- PASS: TestGetEnvironment_ResolverError (0.00s)"
time=2026-01-14T14:31:13.430+01:00 level=INFO msg="=== RUN   TestGenerateEnvID"
time=2026-01-14T14:31:13.430+01:00 level=INFO msg="=== RUN   TestGenerateEnvID/deterministic_hash"
time=2026-01-14T14:31:13.430+01:00 level=INFO msg="=== RUN   TestGenerateEnvID/different_tools_produce_different_hashes"
time=2026-01-14T14:31:13.430+01:00 level=INFO msg="=== RUN   TestGenerateEnvID/order_independent"
time=2026-01-14T14:31:13.430+01:00 level=INFO msg="--- PASS: TestGenerateEnvID (0.00s)"
time=2026-01-14T14:31:13.430+01:00 level=INFO msg="    --- PASS: TestGenerateEnvID/deterministic_hash (0.00s)"
time=2026-01-14T14:31:13.430+01:00 level=INFO msg="    --- PASS: TestGenerateEnvID/different_tools_produce_different_hashes (0.00s)"
time=2026-01-14T14:31:13.430+01:00 level=INFO msg="    --- PASS: TestGenerateEnvID/order_independent (0.00s)"
time=2026-01-14T14:31:13.430+01:00 level=INFO msg="=== RUN   TestCacheLoadSave"
time=2026-01-14T14:31:13.430+01:00 level=INFO msg="--- PASS: TestCacheLoadSave (0.00s)"
time=2026-01-14T14:31:13.430+01:00 level=INFO msg="=== RUN   TestCacheLoadMiss"
time=2026-01-14T14:31:13.430+01:00 level=INFO msg="--- PASS: TestCacheLoadMiss (0.00s)"
time=2026-01-14T14:31:13.430+01:00 level=INFO msg="=== RUN   TestParseNixDevEnv"
time=2026-01-14T14:31:13.430+01:00 level=INFO msg="=== RUN   TestParseNixDevEnv/success_with_string_values"
time=2026-01-14T14:31:13.430+01:00 level=INFO msg="=== RUN   TestParseNixDevEnv/success_with_array_values"
time=2026-01-14T14:31:13.430+01:00 level=INFO msg="=== RUN   TestParseNixDevEnv/invalid_json"
time=2026-01-14T14:31:13.430+01:00 level=INFO msg="--- PASS: TestParseNixDevEnv (0.00s)"
time=2026-01-14T14:31:13.430+01:00 level=INFO msg="    --- PASS: TestParseNixDevEnv/success_with_string_values (0.00s)"
time=2026-01-14T14:31:13.430+01:00 level=INFO msg="    --- PASS: TestParseNixDevEnv/success_with_array_values (0.00s)"
time=2026-01-14T14:31:13.430+01:00 level=INFO msg="    --- PASS: TestParseNixDevEnv/invalid_json (0.00s)"
time=2026-01-14T14:31:13.430+01:00 level=INFO msg="=== RUN   TestShouldIncludeVar"
time=2026-01-14T14:31:13.430+01:00 level=INFO msg="=== RUN   TestShouldIncludeVar/PATH_included"
time=2026-01-14T14:31:13.430+01:00 level=INFO msg="=== RUN   TestShouldIncludeVar/GOROOT_included"
time=2026-01-14T14:31:13.430+01:00 level=INFO msg="=== RUN   TestShouldIncludeVar/CC_included"
time=2026-01-14T14:31:13.430+01:00 level=INFO msg="=== RUN   TestShouldIncludeVar/NIX__prefix_included"
time=2026-01-14T14:31:13.430+01:00 level=INFO msg="=== RUN   TestShouldIncludeVar/NIX_BUILD_CORES_excluded"
time=2026-01-14T14:31:13.430+01:00 level=INFO msg="=== RUN   TestShouldIncludeVar/TERM_excluded"
time=2026-01-14T14:31:13.430+01:00 level=INFO msg="=== RUN   TestShouldIncludeVar/SHELL_excluded"
time=2026-01-14T14:31:13.430+01:00 level=INFO msg="=== RUN   TestShouldIncludeVar/HOME_excluded"
time=2026-01-14T14:31:13.430+01:00 level=INFO msg="=== RUN   TestShouldIncludeVar/random_var_included"
time=2026-01-14T14:31:13.430+01:00 level=INFO msg="=== RUN   TestShouldIncludeVar/TMPDIR_excluded"
time=2026-01-14T14:31:13.430+01:00 level=INFO msg="=== RUN   TestShouldIncludeVar/TEMP_excluded"
time=2026-01-14T14:31:13.430+01:00 level=INFO msg="=== RUN   TestShouldIncludeVar/TMP_excluded"
time=2026-01-14T14:31:13.430+01:00 level=INFO msg="=== RUN   TestShouldIncludeVar/NIX_BUILD_TOP_excluded"
time=2026-01-14T14:31:13.430+01:00 level=INFO msg="=== RUN   TestShouldIncludeVar/NIX_LOG_FD_excluded"
time=2026-01-14T14:31:13.430+01:00 level=INFO msg="--- PASS: TestShouldIncludeVar (0.00s)"
time=2026-01-14T14:31:13.430+01:00 level=INFO msg="    --- PASS: TestShouldIncludeVar/PATH_included (0.00s)"
time=2026-01-14T14:31:13.430+01:00 level=INFO msg="    --- PASS: TestShouldIncludeVar/GOROOT_included (0.00s)"
time=2026-01-14T14:31:13.430+01:00 level=INFO msg="    --- PASS: TestShouldIncludeVar/CC_included (0.00s)"
time=2026-01-14T14:31:13.430+01:00 level=INFO msg="    --- PASS: TestShouldIncludeVar/NIX__prefix_included (0.00s)"
time=2026-01-14T14:31:13.430+01:00 level=INFO msg="    --- PASS: TestShouldIncludeVar/NIX_BUILD_CORES_excluded (0.00s)"
time=2026-01-14T14:31:13.430+01:00 level=INFO msg="    --- PASS: TestShouldIncludeVar/TERM_excluded (0.00s)"
time=2026-01-14T14:31:13.430+01:00 level=INFO msg="    --- PASS: TestShouldIncludeVar/SHELL_excluded (0.00s)"
time=2026-01-14T14:31:13.430+01:00 level=INFO msg="    --- PASS: TestShouldIncludeVar/HOME_excluded (0.00s)"
time=2026-01-14T14:31:13.430+01:00 level=INFO msg="    --- PASS: TestShouldIncludeVar/random_var_included (0.00s)"
time=2026-01-14T14:31:13.430+01:00 level=INFO msg="    --- PASS: TestShouldIncludeVar/TMPDIR_excluded (0.00s)"
time=2026-01-14T14:31:13.430+01:00 level=INFO msg="    --- PASS: TestShouldIncludeVar/TEMP_excluded (0.00s)"
time=2026-01-14T14:31:13.430+01:00 level=INFO msg="    --- PASS: TestShouldIncludeVar/TMP_excluded (0.00s)"
time=2026-01-14T14:31:13.430+01:00 level=INFO msg="    --- PASS: TestShouldIncludeVar/NIX_BUILD_TOP_excluded (0.00s)"
time=2026-01-14T14:31:13.430+01:00 level=INFO msg="    --- PASS: TestShouldIncludeVar/NIX_LOG_FD_excluded (0.00s)"
time=2026-01-14T14:31:13.430+01:00 level=INFO msg="=== RUN   TestLoadEnvFromCache_InvalidJSON"
time=2026-01-14T14:31:13.430+01:00 level=INFO msg="--- PASS: TestLoadEnvFromCache_InvalidJSON (0.00s)"
time=2026-01-14T14:31:13.430+01:00 level=INFO msg="=== RUN   TestSaveEnvToCache_MkdirError"
time=2026-01-14T14:31:13.430+01:00 level=INFO msg="--- PASS: TestSaveEnvToCache_MkdirError (0.00s)"
time=2026-01-14T14:31:13.430+01:00 level=INFO msg="=== RUN   TestGetEnvironment_Concurrency"
time=2026-01-14T14:31:13.430+01:00 level=INFO msg="--- PASS: TestGetEnvironment_Concurrency (0.95s)"
time=2026-01-14T14:31:13.430+01:00 level=INFO msg="=== RUN   TestSaveEnvToCache_WriteError"
time=2026-01-14T14:31:13.430+01:00 level=INFO msg="--- PASS: TestSaveEnvToCache_WriteError (0.00s)"
time=2026-01-14T14:31:13.430+01:00 level=INFO msg="=== RUN   TestGetEnvironment_PartialResolveFailure"
time=2026-01-14T14:31:13.430+01:00 level=INFO msg="--- PASS: TestGetEnvironment_PartialResolveFailure (0.00s)"
time=2026-01-14T14:31:13.430+01:00 level=INFO msg=PASS
time=2026-01-14T14:31:13.430+01:00 level=INFO msg="ok  \tgo.trai.ch/same/internal/adapters/nix\t4.481s"
time=2026-01-14T14:31:13.430+01:00 level=INFO msg="=== RUN   TestResolveEnvironment"
time=2026-01-14T14:31:13.430+01:00 level=INFO msg="=== RUN   TestResolveEnvironment/System_Only_(Allowed)"
time=2026-01-14T14:31:13.430+01:00 level=INFO msg="=== RUN   TestResolveEnvironment/System_Only_(Filtered)"
time=2026-01-14T14:31:13.430+01:00 level=INFO msg="=== RUN   TestResolveEnvironment/System_+_Nix_(No_PATH)"
time=2026-01-14T14:31:13.430+01:00 level=INFO msg="=== RUN   TestResolveEnvironment/System_+_Nix_(Prepend_PATH)"
time=2026-01-14T14:31:13.430+01:00 level=INFO msg="=== RUN   TestResolveEnvironment/System_+_Nix_+_Task_(Override)"
time=2026-01-14T14:31:13.430+01:00 level=INFO msg="=== RUN   TestResolveEnvironment/System_+_Nix_+_Task_(Task_PATH_override)"
time=2026-01-14T14:31:13.430+01:00 level=INFO msg="--- PASS: TestResolveEnvironment (0.00s)"
time=2026-01-14T14:31:13.430+01:00 level=INFO msg="    --- PASS: TestResolveEnvironment/System_Only_(Allowed) (0.00s)"
time=2026-01-14T14:31:13.430+01:00 level=INFO msg="    --- PASS: TestResolveEnvironment/System_Only_(Filtered) (0.00s)"
time=2026-01-14T14:31:13.430+01:00 level=INFO msg="    --- PASS: TestResolveEnvironment/System_+_Nix_(No_PATH) (0.00s)"
time=2026-01-14T14:31:13.430+01:00 level=INFO msg="    --- PASS: TestResolveEnvironment/System_+_Nix_(Prepend_PATH) (0.00s)"
time=2026-01-14T14:31:13.430+01:00 level=INFO msg="    --- PASS: TestResolveEnvironment/System_+_Nix_+_Task_(Override) (0.00s)"
time=2026-01-14T14:31:13.430+01:00 level=INFO msg="    --- PASS: TestResolveEnvironment/System_+_Nix_+_Task_(Task_PATH_override) (0.00s)"
time=2026-01-14T14:31:13.430+01:00 level=INFO msg="=== RUN   TestResolveEnvironment_EmptySystem"
time=2026-01-14T14:31:13.430+01:00 level=INFO msg="--- PASS: TestResolveEnvironment_EmptySystem (0.00s)"
time=2026-01-14T14:31:13.430+01:00 level=INFO msg="=== RUN   TestLookPath_EmptyPATH"
time=2026-01-14T14:31:13.430+01:00 level=INFO msg="--- PASS: TestLookPath_EmptyPATH (0.00s)"
time=2026-01-14T14:31:13.430+01:00 level=INFO msg="=== RUN   TestLookPath_ExecutableNotFound"
time=2026-01-14T14:31:13.430+01:00 level=INFO msg="--- PASS: TestLookPath_ExecutableNotFound (0.00s)"
time=2026-01-14T14:31:13.430+01:00 level=INFO msg="=== RUN   TestLookPath_EmptyDirectory"
time=2026-01-14T14:31:13.430+01:00 level=INFO msg="--- PASS: TestLookPath_EmptyDirectory (0.00s)"
time=2026-01-14T14:31:13.430+01:00 level=INFO msg="=== RUN   TestFindExecutable_NonExistent"
time=2026-01-14T14:31:13.430+01:00 level=INFO msg="--- PASS: TestFindExecutable_NonExistent (0.00s)"
time=2026-01-14T14:31:13.430+01:00 level=INFO msg="=== RUN   TestFindExecutable_Directory"
time=2026-01-14T14:31:13.430+01:00 level=INFO msg="--- PASS: TestFindExecutable_Directory (0.00s)"
time=2026-01-14T14:31:13.430+01:00 level=INFO msg="=== RUN   TestExecutor_Execute_HermeticBinaryOnly"
time=2026-01-14T14:31:13.430+01:00 level=INFO msg="--- PASS: TestExecutor_Execute_HermeticBinaryOnly (2.06s)"
time=2026-01-14T14:31:13.430+01:00 level=INFO msg="=== RUN   TestExecutor_Execute_MultiLineOutput"
time=2026-01-14T14:31:13.430+01:00 level=INFO msg="--- PASS: TestExecutor_Execute_MultiLineOutput (0.01s)"
time=2026-01-14T14:31:13.430+01:00 level=INFO msg="=== RUN   TestExecutor_Execute_FragmentedOutput"
time=2026-01-14T14:31:13.430+01:00 level=INFO msg="--- PASS: TestExecutor_Execute_FragmentedOutput (0.13s)"
time=2026-01-14T14:31:13.430+01:00 level=INFO msg="=== RUN   TestExecutor_Execute_EnvironmentVariables"
time=2026-01-14T14:31:13.430+01:00 level=INFO msg="--- PASS: TestExecutor_Execute_EnvironmentVariables (0.01s)"
time=2026-01-14T14:31:13.430+01:00 level=INFO msg="=== RUN   TestExecutor_Execute_InvalidCommand"
time=2026-01-14T14:31:13.430+01:00 level=INFO msg="--- PASS: TestExecutor_Execute_InvalidCommand (0.00s)"
time=2026-01-14T14:31:13.430+01:00 level=INFO msg="=== RUN   TestExecutor_Execute_CommandFailure"
time=2026-01-14T14:31:13.430+01:00 level=INFO msg="--- PASS: TestExecutor_Execute_CommandFailure (0.01s)"
time=2026-01-14T14:31:13.430+01:00 level=INFO msg="=== RUN   TestExecutor_Execute_EmptyCommand"
time=2026-01-14T14:31:13.430+01:00 level=INFO msg="--- PASS: TestExecutor_Execute_EmptyCommand (0.00s)"
time=2026-01-14T14:31:13.430+01:00 level=INFO msg="=== RUN   TestExecutor_Execute_AbsolutePath"
time=2026-01-14T14:31:13.430+01:00 level=INFO msg="--- PASS: TestExecutor_Execute_AbsolutePath (0.01s)"
time=2026-01-14T14:31:13.430+01:00 level=INFO msg="=== RUN   TestExecutor_Execute_WithNixEnv"
time=2026-01-14T14:31:13.430+01:00 level=INFO msg="--- PASS: TestExecutor_Execute_WithNixEnv (0.01s)"
time=2026-01-14T14:31:13.430+01:00 level=INFO msg="=== RUN   TestExecutor_Execute_StreamsOutput"
time=2026-01-14T14:31:13.430+01:00 level=INFO msg="--- PASS: TestExecutor_Execute_StreamsOutput (0.01s)"
time=2026-01-14T14:31:13.430+01:00 level=INFO msg=PASS
time=2026-01-14T14:31:13.430+01:00 level=INFO msg="ok  \tgo.trai.ch/same/internal/adapters/shell\t4.267s"
time=2026-01-14T14:31:13.430+01:00 level=INFO msg="=== RUN   TestBatchProcessor_FlushOnSize"
time=2026-01-14T14:31:13.430+01:00 level=INFO msg="--- PASS: TestBatchProcessor_FlushOnSize (0.00s)"
time=2026-01-14T14:31:13.430+01:00 level=INFO msg="=== RUN   TestBatchProcessor_FlushOnTime"
time=2026-01-14T14:31:13.430+01:00 level=INFO msg="--- PASS: TestBatchProcessor_FlushOnTime (0.05s)"
time=2026-01-14T14:31:13.430+01:00 level=INFO msg="=== RUN   TestBatchProcessor_ManualFlush"
time=2026-01-14T14:31:13.430+01:00 level=INFO msg="--- PASS: TestBatchProcessor_ManualFlush (0.00s)"
time=2026-01-14T14:31:13.430+01:00 level=INFO msg="=== RUN   TestBatchProcessor_CloseFlushes"
time=2026-01-14T14:31:13.430+01:00 level=INFO msg="--- PASS: TestBatchProcessor_CloseFlushes (0.00s)"
time=2026-01-14T14:31:13.430+01:00 level=INFO msg="=== RUN   TestBatchProcessor_ThreadSafety"
time=2026-01-14T14:31:13.430+01:00 level=INFO msg="--- PASS: TestBatchProcessor_ThreadSafety (0.01s)"
time=2026-01-14T14:31:13.430+01:00 level=INFO msg="=== RUN   TestOTelTracer_WithProgram"
time=2026-01-14T14:31:13.430+01:00 level=INFO msg="--- PASS: TestOTelTracer_WithProgram (0.06s)"
time=2026-01-14T14:31:13.430+01:00 level=INFO msg="=== RUN   TestTUIBridge"
time=2026-01-14T14:31:13.430+01:00 level=INFO msg="--- PASS: TestTUIBridge (0.01s)"
time=2026-01-14T14:31:13.430+01:00 level=INFO msg="=== RUN   TestOTelSpan_Attributes"
time=2026-01-14T14:31:13.430+01:00 level=INFO msg="--- PASS: TestOTelSpan_Attributes (0.00s)"
time=2026-01-14T14:31:13.430+01:00 level=INFO msg="=== RUN   TestTracer_NoProgram"
time=2026-01-14T14:31:13.430+01:00 level=INFO msg="--- PASS: TestTracer_NoProgram (0.00s)"
time=2026-01-14T14:31:13.430+01:00 level=INFO msg="=== RUN   TestBridge_NoProgram"
time=2026-01-14T14:31:13.430+01:00 level=INFO msg="--- PASS: TestBridge_NoProgram (0.00s)"
time=2026-01-14T14:31:13.430+01:00 level=INFO msg="=== RUN   TestInterfaceSatisfaction"
time=2026-01-14T14:31:13.430+01:00 level=INFO msg="--- PASS: TestInterfaceSatisfaction (0.00s)"
time=2026-01-14T14:31:13.430+01:00 level=INFO msg="=== RUN   TestOTelTracer_Start"
time=2026-01-14T14:31:13.430+01:00 level=INFO msg="--- PASS: TestOTelTracer_Start (0.00s)"
time=2026-01-14T14:31:13.430+01:00 level=INFO msg="=== RUN   TestNoOpTracer_Start"
time=2026-01-14T14:31:13.430+01:00 level=INFO msg="--- PASS: TestNoOpTracer_Start (0.00s)"
time=2026-01-14T14:31:13.430+01:00 level=INFO msg=PASS
time=2026-01-14T14:31:13.430+01:00 level=INFO msg="ok  \tgo.trai.ch/same/internal/adapters/telemetry\t3.657s"
time=2026-01-14T14:31:16.713+01:00 level=INFO msg="=== RUN   TestNewModel"
time=2026-01-14T14:31:16.713+01:00 level=INFO msg="--- PASS: TestNewModel (0.00s)"
time=2026-01-14T14:31:16.713+01:00 level=INFO msg="=== RUN   TestWrapLog"
time=2026-01-14T14:31:16.713+01:00 level=INFO msg="=== RUN   TestWrapLog/no_wrap_needed"
time=2026-01-14T14:31:16.713+01:00 level=INFO msg="=== RUN   TestWrapLog/wrap_needed"
time=2026-01-14T14:31:16.713+01:00 level=INFO msg="=== RUN   TestWrapLog/width_0_(safety)"
time=2026-01-14T14:31:16.713+01:00 level=INFO msg="=== RUN   TestWrapLog/negative_width_(safety)"
time=2026-01-14T14:31:16.713+01:00 level=INFO msg="=== RUN   TestWrapLog/empty_input"
time=2026-01-14T14:31:16.713+01:00 level=INFO msg="--- PASS: TestWrapLog (0.00s)"
time=2026-01-14T14:31:16.713+01:00 level=INFO msg="    --- PASS: TestWrapLog/no_wrap_needed (0.00s)"
time=2026-01-14T14:31:16.713+01:00 level=INFO msg="    --- PASS: TestWrapLog/wrap_needed (0.00s)"
time=2026-01-14T14:31:16.713+01:00 level=INFO msg="    --- PASS: TestWrapLog/width_0_(safety) (0.00s)"
time=2026-01-14T14:31:16.713+01:00 level=INFO msg="    --- PASS: TestWrapLog/negative_width_(safety) (0.00s)"
time=2026-01-14T14:31:16.713+01:00 level=INFO msg="    --- PASS: TestWrapLog/empty_input (0.00s)"
time=2026-01-14T14:31:16.713+01:00 level=INFO msg="=== RUN   TestUpdate_InitTasks"
time=2026-01-14T14:31:16.713+01:00 level=INFO msg="--- PASS: TestUpdate_InitTasks (0.00s)"
time=2026-01-14T14:31:16.713+01:00 level=INFO msg="=== RUN   TestUpdate_Navigation"
time=2026-01-14T14:31:16.713+01:00 level=INFO msg="--- PASS: TestUpdate_Navigation (0.00s)"
time=2026-01-14T14:31:16.713+01:00 level=INFO msg="=== RUN   TestUpdate_AutoFollow"
time=2026-01-14T14:31:16.713+01:00 level=INFO msg="--- PASS: TestUpdate_AutoFollow (0.00s)"
time=2026-01-14T14:31:16.713+01:00 level=INFO msg="=== RUN   TestUpdate_Logs"
time=2026-01-14T14:31:16.713+01:00 level=INFO msg="--- PASS: TestUpdate_Logs (0.00s)"
time=2026-01-14T14:31:16.713+01:00 level=INFO msg="=== RUN   TestUpdate_WindowSize"
time=2026-01-14T14:31:16.713+01:00 level=INFO msg="--- PASS: TestUpdate_WindowSize (0.00s)"
time=2026-01-14T14:31:16.713+01:00 level=INFO msg="=== RUN   TestUpdate_TaskComplete"
time=2026-01-14T14:31:16.713+01:00 level=INFO msg="--- PASS: TestUpdate_TaskComplete (0.00s)"
time=2026-01-14T14:31:16.713+01:00 level=INFO msg="=== RUN   TestInit"
time=2026-01-14T14:31:16.713+01:00 level=INFO msg="--- PASS: TestInit (0.00s)"
time=2026-01-14T14:31:16.713+01:00 level=INFO msg="=== RUN   TestUpdate_Quit"
time=2026-01-14T14:31:16.713+01:00 level=INFO msg="--- PASS: TestUpdate_Quit (0.00s)"
time=2026-01-14T14:31:16.713+01:00 level=INFO msg="=== RUN   TestUpdate_Logs_Truncation"
time=2026-01-14T14:31:16.713+01:00 level=INFO msg="--- PASS: TestUpdate_Logs_Truncation (0.01s)"
time=2026-01-14T14:31:16.713+01:00 level=INFO msg="=== RUN   TestUpdate_Logs_Truncation_Safe"
time=2026-01-14T14:31:16.713+01:00 level=INFO msg="--- PASS: TestUpdate_Logs_Truncation_Safe (0.04s)"
time=2026-01-14T14:31:16.713+01:00 level=INFO msg="=== RUN   TestUpdate_Logs_InactiveTask"
time=2026-01-14T14:31:16.713+01:00 level=INFO msg="--- PASS: TestUpdate_Logs_InactiveTask (0.00s)"
time=2026-01-14T14:31:16.713+01:00 level=INFO msg="=== RUN   TestUpdate_Logs_NoAutoScroll"
time=2026-01-14T14:31:16.713+01:00 level=INFO msg="--- PASS: TestUpdate_Logs_NoAutoScroll (0.00s)"
time=2026-01-14T14:31:16.713+01:00 level=INFO msg="=== RUN   TestUpdate_EmptyTasks_Esc"
time=2026-01-14T14:31:16.713+01:00 level=INFO msg="--- PASS: TestUpdate_EmptyTasks_Esc (0.00s)"
time=2026-01-14T14:31:16.713+01:00 level=INFO msg="=== RUN   TestUpdate_Defensive_UnknownItems"
time=2026-01-14T14:31:16.713+01:00 level=INFO msg="--- PASS: TestUpdate_Defensive_UnknownItems (0.00s)"
time=2026-01-14T14:31:16.713+01:00 level=INFO msg="=== RUN   TestUpdate_Logs_Truncation_ViewContent_Sync"
time=2026-01-14T14:31:16.713+01:00 level=INFO msg="--- PASS: TestUpdate_Logs_Truncation_ViewContent_Sync (3.34s)"
time=2026-01-14T14:31:16.713+01:00 level=INFO msg="=== RUN   TestUpdate_SlidingWindow_Scrolling"
time=2026-01-14T14:31:16.713+01:00 level=INFO msg="--- PASS: TestUpdate_SlidingWindow_Scrolling (0.00s)"
time=2026-01-14T14:31:16.713+01:00 level=INFO msg="=== RUN   TestUpdate_SlidingWindow_AutoFollow"
time=2026-01-14T14:31:16.713+01:00 level=INFO msg="--- PASS: TestUpdate_SlidingWindow_AutoFollow (0.00s)"
time=2026-01-14T14:31:16.713+01:00 level=INFO msg="=== RUN   TestUpdate_SlidingWindow_Resize"
time=2026-01-14T14:31:16.713+01:00 level=INFO msg="--- PASS: TestUpdate_SlidingWindow_Resize (0.00s)"
time=2026-01-14T14:31:16.713+01:00 level=INFO msg="=== RUN   TestView_Initialization"
time=2026-01-14T14:31:16.713+01:00 level=INFO msg="--- PASS: TestView_Initialization (0.00s)"
time=2026-01-14T14:31:16.713+01:00 level=INFO msg="=== RUN   TestView_TaskList"
time=2026-01-14T14:31:16.713+01:00 level=INFO msg="--- PASS: TestView_TaskList (0.00s)"
time=2026-01-14T14:31:16.713+01:00 level=INFO msg="=== RUN   TestView_LogPane"
time=2026-01-14T14:31:16.713+01:00 level=INFO msg="--- PASS: TestView_LogPane (0.00s)"
time=2026-01-14T14:31:16.713+01:00 level=INFO msg="=== RUN   TestView_LipglossIntegration"
time=2026-01-14T14:31:16.713+01:00 level=INFO msg="--- PASS: TestView_LipglossIntegration (0.00s)"
time=2026-01-14T14:31:16.713+01:00 level=INFO msg=PASS
time=2026-01-14T14:31:16.713+01:00 level=INFO msg="ok  \tgo.trai.ch/same/internal/adapters/tui\t5.626s"
time=2026-01-14T14:31:16.713+01:00 level=INFO msg="=== RUN   TestApp_Build"
time=2026-01-14T14:31:16.713+01:00 level=INFO msg="--- PASS: TestApp_Build (0.00s)"
time=2026-01-14T14:31:16.713+01:00 level=INFO msg="=== RUN   TestApp_Run_NoTargets"
time=2026-01-14T14:31:16.713+01:00 level=INFO msg="--- PASS: TestApp_Run_NoTargets (0.00s)"
time=2026-01-14T14:31:16.713+01:00 level=INFO msg="=== RUN   TestApp_Run_ConfigLoaderError"
time=2026-01-14T14:31:16.713+01:00 level=INFO msg="--- PASS: TestApp_Run_ConfigLoaderError (0.00s)"
time=2026-01-14T14:31:16.713+01:00 level=INFO msg="=== RUN   TestApp_Run_BuildExecutionFailed"
time=2026-01-14T14:31:16.713+01:00 level=INFO msg="--- PASS: TestApp_Run_BuildExecutionFailed (0.00s)"
time=2026-01-14T14:31:16.713+01:00 level=INFO msg="=== RUN   TestAppWiring"
time=2026-01-14T14:31:16.713+01:00 level=INFO msg="--- PASS: TestAppWiring (0.00s)"
time=2026-01-14T14:31:16.713+01:00 level=INFO msg=PASS
time=2026-01-14T14:31:16.713+01:00 level=INFO msg="ok  \tgo.trai.ch/same/internal/app\t2.695s"
time=2026-01-14T14:31:16.713+01:00 level=INFO msg="?   \tgo.trai.ch/same/internal/build\t[no test files]"
time=2026-01-14T14:31:16.713+01:00 level=INFO msg="=== RUN   TestGenerateEnvID_Deterministic"
time=2026-01-14T14:31:16.713+01:00 level=INFO msg="--- PASS: TestGenerateEnvID_Deterministic (0.00s)"
time=2026-01-14T14:31:16.713+01:00 level=INFO msg="=== RUN   TestGenerateEnvID_EmptyMap"
time=2026-01-14T14:31:16.713+01:00 level=INFO msg="--- PASS: TestGenerateEnvID_EmptyMap (0.00s)"
time=2026-01-14T14:31:16.713+01:00 level=INFO msg="=== RUN   TestGenerateEnvID_SingleTool"
time=2026-01-14T14:31:16.713+01:00 level=INFO msg="--- PASS: TestGenerateEnvID_SingleTool (0.00s)"
time=2026-01-14T14:31:16.713+01:00 level=INFO msg="=== RUN   TestGenerateEnvID_OrderIndependent"
time=2026-01-14T14:31:16.713+01:00 level=INFO msg="--- PASS: TestGenerateEnvID_OrderIndependent (0.00s)"
time=2026-01-14T14:31:16.713+01:00 level=INFO msg="=== RUN   TestGenerateEnvID_DifferentTools"
time=2026-01-14T14:31:16.713+01:00 level=INFO msg="--- PASS: TestGenerateEnvID_DifferentTools (0.00s)"
time=2026-01-14T14:31:16.713+01:00 level=INFO msg="=== RUN   TestGenerateEnvID_HashFormat"
time=2026-01-14T14:31:16.713+01:00 level=INFO msg="--- PASS: TestGenerateEnvID_HashFormat (0.00s)"
time=2026-01-14T14:31:16.713+01:00 level=INFO msg="=== RUN   TestGenerateEnvID_SpecialCharacters"
time=2026-01-14T14:31:16.713+01:00 level=INFO msg="--- PASS: TestGenerateEnvID_SpecialCharacters (0.00s)"
time=2026-01-14T14:31:16.713+01:00 level=INFO msg="=== RUN   TestGraph_AddTask"
time=2026-01-14T14:31:16.713+01:00 level=INFO msg="--- PASS: TestGraph_AddTask (0.00s)"
time=2026-01-14T14:31:16.713+01:00 level=INFO msg="=== RUN   TestGraph_Validate_Cycle"
time=2026-01-14T14:31:16.713+01:00 level=INFO msg="--- PASS: TestGraph_Validate_Cycle (0.00s)"
time=2026-01-14T14:31:16.713+01:00 level=INFO msg="=== RUN   TestGraph_Walk"
time=2026-01-14T14:31:16.713+01:00 level=INFO msg="--- PASS: TestGraph_Walk (0.00s)"
time=2026-01-14T14:31:16.713+01:00 level=INFO msg="=== RUN   TestGraph_Validate_DeterministicOrder"
time=2026-01-14T14:31:16.713+01:00 level=INFO msg="--- PASS: TestGraph_Validate_DeterministicOrder (0.00s)"
time=2026-01-14T14:31:16.713+01:00 level=INFO msg="=== RUN   TestGraph_Validate_MissingDependency"
time=2026-01-14T14:31:16.713+01:00 level=INFO msg="--- PASS: TestGraph_Validate_MissingDependency (0.00s)"
time=2026-01-14T14:31:16.713+01:00 level=INFO msg="=== RUN   TestInternedString"
time=2026-01-14T14:31:16.713+01:00 level=INFO msg="--- PASS: TestInternedString (0.00s)"
time=2026-01-14T14:31:16.713+01:00 level=INFO msg="=== RUN   TestInternedStringJSON"
time=2026-01-14T14:31:16.713+01:00 level=INFO msg="=== RUN   TestInternedStringJSON/Marshal_and_Unmarshal_preserve_string_value"
time=2026-01-14T14:31:16.713+01:00 level=INFO msg="=== RUN   TestInternedStringJSON/Marshal_and_Unmarshal_in_struct"
time=2026-01-14T14:31:16.713+01:00 level=INFO msg="--- PASS: TestInternedStringJSON (0.00s)"
time=2026-01-14T14:31:16.713+01:00 level=INFO msg="    --- PASS: TestInternedStringJSON/Marshal_and_Unmarshal_preserve_string_value (0.00s)"
time=2026-01-14T14:31:16.713+01:00 level=INFO msg="    --- PASS: TestInternedStringJSON/Marshal_and_Unmarshal_in_struct (0.00s)"
time=2026-01-14T14:31:16.713+01:00 level=INFO msg="=== RUN   TestNewInternedStrings"
time=2026-01-14T14:31:16.713+01:00 level=INFO msg="=== RUN   TestNewInternedStrings/Convert_slice_of_strings_to_InternedStrings"
time=2026-01-14T14:31:16.713+01:00 level=INFO msg="=== RUN   TestNewInternedStrings/Empty_slice_returns_empty_slice"
time=2026-01-14T14:31:16.713+01:00 level=INFO msg="=== RUN   TestNewInternedStrings/Duplicate_strings_are_deduplicated_via_interning"
time=2026-01-14T14:31:16.713+01:00 level=INFO msg="--- PASS: TestNewInternedStrings (0.00s)"
time=2026-01-14T14:31:16.713+01:00 level=INFO msg="    --- PASS: TestNewInternedStrings/Convert_slice_of_strings_to_InternedStrings (0.00s)"
time=2026-01-14T14:31:16.713+01:00 level=INFO msg="    --- PASS: TestNewInternedStrings/Empty_slice_returns_empty_slice (0.00s)"
time=2026-01-14T14:31:16.713+01:00 level=INFO msg="    --- PASS: TestNewInternedStrings/Duplicate_strings_are_deduplicated_via_interning (0.00s)"
time=2026-01-14T14:31:16.713+01:00 level=INFO msg=PASS
time=2026-01-14T14:31:16.713+01:00 level=INFO msg="ok  \tgo.trai.ch/same/internal/core/domain\t2.684s"
time=2026-01-14T14:31:16.713+01:00 level=INFO msg="?   \tgo.trai.ch/same/internal/core/ports\t[no test files]"
time=2026-01-14T14:31:16.713+01:00 level=INFO msg="?   \tgo.trai.ch/same/internal/core/ports/mocks\t[no test files]"
time=2026-01-14T14:31:16.713+01:00 level=INFO msg="=== RUN   TestScheduler_EnvironmentIDGeneration"
time=2026-01-14T14:31:16.713+01:00 level=INFO msg="=== RUN   TestScheduler_EnvironmentIDGeneration/IdenticalToolsSameEnvID"
time=2026-01-14T14:31:16.713+01:00 level=INFO msg="=== RUN   TestScheduler_EnvironmentIDGeneration/DifferentEnvIDs"
time=2026-01-14T14:31:16.713+01:00 level=INFO msg="=== RUN   TestScheduler_EnvironmentIDGeneration/DifferentEnvIDs/DifferentTools"
time=2026-01-14T14:31:16.713+01:00 level=INFO msg="=== RUN   TestScheduler_EnvironmentIDGeneration/DifferentEnvIDs/DifferentVersions"
time=2026-01-14T14:31:16.713+01:00 level=INFO msg="=== RUN   TestScheduler_EnvironmentIDGeneration/NoToolsNoEnvID"
time=2026-01-14T14:31:16.713+01:00 level=INFO msg="=== RUN   TestScheduler_EnvironmentIDGeneration/OrderIndependentEnvID"
time=2026-01-14T14:31:16.713+01:00 level=INFO msg="--- PASS: TestScheduler_EnvironmentIDGeneration (0.00s)"
time=2026-01-14T14:31:16.713+01:00 level=INFO msg="    --- PASS: TestScheduler_EnvironmentIDGeneration/IdenticalToolsSameEnvID (0.00s)"
time=2026-01-14T14:31:16.713+01:00 level=INFO msg="    --- PASS: TestScheduler_EnvironmentIDGeneration/DifferentEnvIDs (0.00s)"
time=2026-01-14T14:31:16.713+01:00 level=INFO msg="        --- PASS: TestScheduler_EnvironmentIDGeneration/DifferentEnvIDs/DifferentTools (0.00s)"
time=2026-01-14T14:31:16.713+01:00 level=INFO msg="        --- PASS: TestScheduler_EnvironmentIDGeneration/DifferentEnvIDs/DifferentVersions (0.00s)"
time=2026-01-14T14:31:16.713+01:00 level=INFO msg="    --- PASS: TestScheduler_EnvironmentIDGeneration/NoToolsNoEnvID (0.00s)"
time=2026-01-14T14:31:16.713+01:00 level=INFO msg="    --- PASS: TestScheduler_EnvironmentIDGeneration/OrderIndependentEnvID (0.00s)"
time=2026-01-14T14:31:16.713+01:00 level=INFO msg="=== RUN   TestScheduler_Execute_UsesEnvFactory"
time=2026-01-14T14:31:16.713+01:00 level=INFO msg="--- PASS: TestScheduler_Execute_UsesEnvFactory (0.00s)"
time=2026-01-14T14:31:16.713+01:00 level=INFO msg="=== RUN   TestScheduler_Run_Diamond"
time=2026-01-14T14:31:16.713+01:00 level=INFO msg="--- PASS: TestScheduler_Run_Diamond (0.00s)"
time=2026-01-14T14:31:16.713+01:00 level=INFO msg="=== RUN   TestScheduler_Run_Partial"
time=2026-01-14T14:31:16.713+01:00 level=INFO msg="--- PASS: TestScheduler_Run_Partial (0.00s)"
time=2026-01-14T14:31:16.713+01:00 level=INFO msg="=== RUN   TestScheduler_Run_ExplicitAll"
time=2026-01-14T14:31:16.713+01:00 level=INFO msg="--- PASS: TestScheduler_Run_ExplicitAll (0.00s)"
time=2026-01-14T14:31:16.713+01:00 level=INFO msg="=== RUN   TestScheduler_Run_EmptyTargets"
time=2026-01-14T14:31:16.713+01:00 level=INFO msg="--- PASS: TestScheduler_Run_EmptyTargets (0.00s)"
time=2026-01-14T14:31:16.713+01:00 level=INFO msg="=== RUN   TestScheduler_Run_TaskNotFound"
time=2026-01-14T14:31:16.713+01:00 level=INFO msg="--- PASS: TestScheduler_Run_TaskNotFound (0.00s)"
time=2026-01-14T14:31:16.713+01:00 level=INFO msg="=== RUN   TestScheduler_CheckTaskCache"
time=2026-01-14T14:31:16.713+01:00 level=INFO msg="=== RUN   TestScheduler_CheckTaskCache/CacheHit"
time=2026-01-14T14:31:16.713+01:00 level=INFO msg="=== RUN   TestScheduler_CheckTaskCache/CacheMiss_InputMismatch"
time=2026-01-14T14:31:16.713+01:00 level=INFO msg="--- PASS: TestScheduler_CheckTaskCache (0.00s)"
time=2026-01-14T14:31:16.713+01:00 level=INFO msg="    --- PASS: TestScheduler_CheckTaskCache/CacheHit (0.00s)"
time=2026-01-14T14:31:16.713+01:00 level=INFO msg="    --- PASS: TestScheduler_CheckTaskCache/CacheMiss_InputMismatch (0.00s)"
time=2026-01-14T14:31:16.713+01:00 level=INFO msg="=== RUN   TestScheduler_Run_Caching"
time=2026-01-14T14:31:16.713+01:00 level=INFO msg="--- PASS: TestScheduler_Run_Caching (0.00s)"
time=2026-01-14T14:31:16.713+01:00 level=INFO msg=PASS
time=2026-01-14T14:31:16.713+01:00 level=INFO msg="ok  \tgo.trai.ch/same/internal/engine/scheduler\t1.897s"
time=2026-01-14T14:31:16.713+01:00 level=INFO msg="=== RUN   TestGraftDependencies"
time=2026-01-14T14:31:16.713+01:00 level=INFO msg="    deps_test.go:18: Skipping Graft validation due to static analysis limitation with shared ports package"
time=2026-01-14T14:31:16.713+01:00 level=INFO msg="--- SKIP: TestGraftDependencies (0.00s)"
time=2026-01-14T14:31:16.713+01:00 level=INFO msg=PASS
time=2026-01-14T14:31:16.713+01:00 level=INFO msg="ok  \tgo.trai.ch/same/internal/wiring\t1.550s"
